[Bootstrap]
SetupTitle=Install
SetupText=Copying Files, please stand by.
CabFile=AsciiEXM.CAB
Spawn=Setup1.exe
Uninstal=st6unst.exe
TmpDir=msftqws.pdw
Cabs=1

[Bootstrap Files]
File1=@VB6STKIT.DLL,$(WinSysPathSysFile),,,6/17/98 11:00:00 PM,102912,6.0.81.69
File2=@COMCAT.DLL,$(WinSysPathSysFile),$(DLLSelfRegister),,5/31/98 12:00:00 AM,22288,4.71.1460.1
File3=@STDOLE2.TLB,$(WinSysPathSysFile),$(TLBRegister),,8/4/04 6:00:00 AM,17920,3.50.5014.0
File4=@ASYCFILT.DLL,$(WinSysPathSysFile),,,8/4/04 6:00:00 AM,65024,5.1.2600.2180
File5=@OLEPRO32.DLL,$(WinSysPathSysFile),$(DLLSelfRegister),,8/4/04 6:00:00 AM,83456,5.1.2600.2180
File6=@oleaut32.dll,$(WinSysPathSysFile),$(DLLSelfRegister),,12/4/07 2:38:13 PM,550912,5.1.2600.3266
File7=@msvbvm60.dll,$(WinSysPathSysFile),$(DLLSelfRegister),,5/16/06 12:55:38 PM,1386496,6.0.97.82

[IconGroups]
Group0=AsciiEXM
PrivateGroup0=True
Parent0=$(Programs)

[AsciiEXM]
Icon1="AsciiEXM.exe"
Title1=AsciiEXM
StartIn1=$(AppPath)

[Setup]
Title=AsciiEXM
DefaultDir=$(ProgramFiles)\AsciiEXM
AppExe=AsciiEXM.exe
AppToUninstall=AsciiEXM.exe

[Setup1 Files]
File1=@MDAC_TYP.EXE,$(AppPath),,,6/26/98 12:00:00 AM,8124720,4.71.1015.0
File2=@TABCTL32.OCX,$(WinSysPath),$(DLLSelfRegister),$(Shared),3/9/04 3:00:00 AM,224016,6.1.97.82
File3=@comctl32.ocx,$(WinSysPath),$(DLLSelfRegister),$(Shared),5/22/00 4:00:00 AM,608448,6.0.81.5
File4=@msmask32.ocx,$(WinSysPath),$(DLLSelfRegister),$(Shared),5/22/00 4:58:12 PM,166600,6.0.84.18
File5=@MSCAL.OCX,$(WinSysPath),$(DLLSelfRegister),$(Shared),3/17/05 3:33:16 PM,129728,11.0.6550.0
File6=@msstdfmt.dll,$(WinSysPath),$(DLLSelfRegister),$(Shared),4/3/00 8:05:58 PM,118784,6.0.88.4
File7=@MSDATGRD.OCX,$(WinSysPath),$(DLLSelfRegister),$(Shared),6/23/98 11:00:00 PM,260920,6.0.81.69
File8=@Msflxgrd.ocx,$(WinSysPath),$(DLLSelfRegister),$(Shared),3/21/01 4:34:02 PM,244232,6.0.84.18
File9=@Comdlg32.ocx,$(WinSysPath),$(DLLSelfRegister),$(Shared),5/24/01 4:28:12 PM,140288,6.0.84.18
File10=@cdoexm.dll,$(WinSysPath),,$(Shared),6/24/03 3:00:00 AM,2739712,6.5.6944.0
File11=@ACTIVEDS.TLB,$(WinSysPath),$(DLLSelfRegister),$(Shared),8/4/04 6:00:00 AM,111104,5.1.2600.0
File12=@msvcrt.dll,$(WinSysPathSysFile),,,2/19/07 6:32:49 AM,343040,7.0.2600.3085
File13=@SCRRUN.DLL,$(WinSysPath),$(DLLSelfRegister),$(Shared),8/4/04 6:00:00 AM,151552,5.6.0.8820
File14=@WBEMDISP.TLB,$(WinSysPath),,$(Shared),8/4/04 6:00:00 AM,59904,5.1.2600.0
File15=@iphlpapi.dll,$(WinSysPath),,$(Shared),5/19/06 8:59:41 AM,94720,5.1.2600.2912
File16=@AsciiEXM.exe,$(AppPath),,,9/23/09 11:16:24 AM,577536,1.0.0.0

; The following lines may be deleted in order to obtain extra 
; space for customizing this file on a full installation diskette.
; 
; XXXXXXXXXXXXXXXXXXXXXXXXXXXXXXXXXXXXXXXXXXXXXXXXXXXXXXXXXXXX
; XXXXXXXXXXXXXXXXXXXXXXXXXXXXXXXXXXXXXXXXXXXXXXXXXXXXXXXXXXXX
; XXXXXXXXXXXXXXXXXXXXXXXXXXXXXXXXXXXXXXXXXXXXXXXXXXXXXXXXXXXX
; XXXXXXXXXXXXXXXXXXXXXXXXXXXXXXXXXXXXXXXXXXXXXXXXXXXXXXXXXXXX
; XXXXXXXXXXXXXXXXXXXXXXXXXXXXXXXXXXXXXXXXXXXXXXXXXXXXXXXXXXXX
; XXXXXXXXXXXXXXXXXXXXXXXXXXXXXXXXXXXXXXXXXXXXXXXXXXXXXXXXXXXX
; XXXXXXXXXXXXXXXXXXXXXXXXXXXXXXXXXXXXXXXXXXXXXXXXXXXXXXXXXXXX
; XXXXXXXXXXXXXXXXXXXXXXXXXXXXXXXXXXXXXXXXXXXXXXXXXXXXXXXXXXXX
; XXXXXXXXXXXXXXXXXXXXXXXXXXXXXXXXXXXXXXXXXXXXXXXXXXXXXXXXXXXX
; XXXXXXXXXXXXXXXXXXXXXXXXXXXXXXXXXXXXXXXXXXXXXXXXXXXXXXXXXXXX
; XXXXXXXXXXXXXXXXXXXXXXXXXXXXXXXXXXXXXXXXXXXXXXXXXXXXXXXXXXXX
; XXXXXXXXXXXXXXXXXXXXXXXXXXXXXXXXXXXXXXXXXXXXXXXXXXXXXXXXXXXX
; XXXXXXXXXXXXXXXXXXXXXXXXXXXXXXXXXXXXXXXXXXXXXXXXXXXXXXXXXXXX
; XXXXXXXXXXXXXXXXXXXXXXXXXXXXXXXXXXXXXXXXXXXXXXXXXXXXXXXXXXXX
; XXXXXXXXXXXXXXXXXXXXXXXXXXXXXXXXXXXXXXXXXXXXXXXXXXXXXXXXXXXX
; XXXXXXXXXXXXXXXXXXXXXXXXXXXXXXXXXXXXXXXXXXXXXXXXXXXXXXXXXXXX
; XXXXXXXXXXXXXXXXXXXXXXXXXXXXXXXXXXXXXXXXXXXXXXXXXXXXXXXXXXXX
; XXXXXXXXXXXXXXXXXXXXXXXXXXXXXXXXXXXXXXXXXXXXXXXXXXXXXXXXXXXX
; XXXXXXXXXXXXXXXXXXXXXXXXXXXXXXXXXXXXXXXXXXXXXXXXXXXXXXXXXXXX
; XXXXXXXXXXXXXXXXXXXXXXXXXXXXXXXXXXXXXXXXXXXXXXXXXXXXXXXXXXXX
; XXXXXXXXXXXXXXXXXXXXXXXXXXXXXXXXXXXXXXXXXXXXXXXXXXXXXXXXXXXX
; XXXXXXXXXXXXXXXXXXXXXXXXXXXXXXXXXXXXXXXXXXXXXXXXXXXXXXXXXXXX
; XXXXXXXXXXXXXXXXXXXXXXXXXXXXXXXXXXXXXXXXXXXXXXXXXXXXXXXXXXXX
; XXXXXXXXXXXXXXXXXXXXXXXXXXXXXXXXXXXXXXXXXXXXXXXXXXXXXXXXXXXX
; XXXXXXXXXXXXXXXXXXXXXXXXXXXXXXXXXXXXXXXXXXXXXXXXXXXXXXXXXXXX
; XXXXXXXXXXXXXXXXXXXXXXXXXXXXXXXXXXXXXXXXXXXXXXXXXXXXXXXXXXXX
; XXXXXXXXXXXXXXXXXXXXXXXXXXXXXXXXXXXXXXXXXXXXXXXXXXXXXXXXXXXX
; XXXXXXXXXXXXXXXXXXXXXXXXXXXXXXXXXXXXXXXXXXXXXXXXXXXXXXXXXXXX
; XXXXXXXXXXXXXXXXXXXXXXXXXXXXXXXXXXXXXXXXXXXXXXXXXXXXXXXXXXXX
; XXXXXXXXXXXXXXXXXXXXXXXXXXXXXXXXXXXXXXXXXXXXXXXXXXXXXXXXXXXX
; XXXXXXXXXXXXXXXXXXXXXXXXXXXXXXXXXXXXXXXXXXXXXXXXXXXXXXXXXXXX
; XXXXXXXXXXXXXXXXXXXXXXXXXXXXXXXXXXXXXXXXXXXXXXXXXXXXXXXXXXXX
; XXXXXXXXXXXXXXXXXXXXXXXXXXXXXXXXXXXXXXXXXXXXXXXXXXXXXXXXXXXX
; XXXXXXXXXXXXXXXXXXXXXXXXXXXXXXXXXXXXXXXXXXXXXXXXXXXXXXXXXXXX
; XXXXXXXXXXXXXXXXXXXXXXXXXXXXXXXXXXXXXXXXXXXXXXXXXXXXXXXXXXXX
